2022-12-07 08:44:55 DEBUG [http-nio-8080-exec-3]  lutece.cache - Initializing cache : StaticFilesCachingFilter
 2022-12-07 08:44:55 DEBUG [http-nio-8080-exec-3]  lutece.cache - URI served from cache : /example/js/shepherd/tours/AdminMessage.json
 2022-12-07 08:44:55 DEBUG [http-nio-8080-exec-5]  lutece.cache - URI served from cache : /example/js/admin/style/tabler/bootstrap.bundle.min.js.map
 2022-12-07 08:44:55 DEBUG [http-nio-8080-exec-4]  lutece.cache - URI served from cache : /example/css/admin/style/tabler/bootstrap-colorpicker.min.css.map
 2022-12-07 08:44:58 DEBUG [http-nio-8080-exec-7]  lutece.cache - URI served from cache : /example/css/admin/images/admin/skin/bg_login1.svg
 2022-12-07 08:44:58 DEBUG [http-nio-8080-exec-8]  lutece.cache - URI served from cache : /example/js/shepherd/tours/AdminLogin.json
 2022-12-07 08:44:58 DEBUG [http-nio-8080-exec-9]  lutece.cache - URI served from cache : /example/css/admin/style/tabler/bootstrap-colorpicker.min.css.map
 2022-12-07 08:44:58 DEBUG [http-nio-8080-exec-10]  lutece.cache - URI served from cache : /example/js/admin/style/tabler/bootstrap.bundle.min.js.map
 2022-12-07 08:45:03 ERROR [http-nio-8080-exec-2]  lutece.error - Error localizing key : 'portal.users.admin_header.labelModeDark' - Can't find resource for bundle java.util.PropertyResourceBundle, key admin_header.labelModeDark
 2022-12-07 08:45:03 DEBUG [http-nio-8080-exec-5]  lutece.cache - URI served from cache : /example/css/admin/style/tabler/bootstrap-colorpicker.min.css.map
 2022-12-07 08:45:03 INFO  [http-nio-8080-exec-2]  lutece.adminaccess - USER id:1, name: admin Admin, ip: 0:0:0:0:0:0:0:1, url: http://localhost:8080/example/jsp/admin/rbac/ManageRoles.jsp?plugin_name=
 2022-12-07 08:45:03 DEBUG [http-nio-8080-exec-3]  lutece.cache - URI served from cache : /example/js/admin/style/tabler/bootstrap.bundle.min.js.map
 2022-12-07 08:45:13 ERROR [http-nio-8080-exec-4]  lutece.error - Error localizing key : 'portal.users.admin_header.labelModeDark' - Can't find resource for bundle java.util.PropertyResourceBundle, key admin_header.labelModeDark
 2022-12-07 08:45:13 INFO  [http-nio-8080-exec-4]  lutece.adminaccess - USER id:1, name: admin Admin, ip: 0:0:0:0:0:0:0:1, url: http://localhost:8080/example/jsp/admin/rbac/ManageRoles.jsp?plugin_name=
 2022-12-07 08:45:13 DEBUG [http-nio-8080-exec-6]  lutece.cache - URI served from cache : /example/css/admin/style/tabler/bootstrap-colorpicker.min.css.map
 2022-12-07 08:45:13 DEBUG [http-nio-8080-exec-7]  lutece.cache - URI served from cache : /example/js/admin/style/tabler/bootstrap.bundle.min.js.map
 2022-12-07 08:45:14 ERROR [http-nio-8080-exec-8]  lutece.error - Error localizing key : 'portal.users.admin_header.labelModeDark' - Can't find resource for bundle java.util.PropertyResourceBundle, key admin_header.labelModeDark
 2022-12-07 08:45:14 INFO  [http-nio-8080-exec-8]  lutece.adminaccess - USER id:1, name: admin Admin, ip: 0:0:0:0:0:0:0:1, url: http://localhost:8080/example/jsp/admin/rbac/ManageRoles.jsp?plugin_name=
 2022-12-07 08:45:14 DEBUG [http-nio-8080-exec-9]  lutece.cache - URI served from cache : /example/css/admin/style/tabler/bootstrap-colorpicker.min.css.map
 2022-12-07 08:45:14 DEBUG [http-nio-8080-exec-10]  lutece.cache - URI served from cache : /example/js/admin/style/tabler/bootstrap.bundle.min.js.map
 2022-12-07 08:45:58 ERROR [http-nio-8080-exec-3]  lutece.error - Error localizing key : 'portal.users.admin_header.labelModeDark' - Can't find resource for bundle java.util.PropertyResourceBundle, key admin_header.labelModeDark
 2022-12-07 08:45:58 INFO  [http-nio-8080-exec-3]  lutece.adminaccess - USER id:1, name: admin Admin, ip: 0:0:0:0:0:0:0:1, url: http://localhost:8080/example/jsp/admin/features/ManageTours.jsp?plugin_name=
 2022-12-07 08:45:58 DEBUG [http-nio-8080-exec-6]  lutece.cache - URI served from cache : /example/js/admin/style/tabler/bootstrap.bundle.min.js.map
 2022-12-07 08:45:58 DEBUG [http-nio-8080-exec-4]  lutece.cache - URI served from cache : /example/css/admin/style/tabler/bootstrap-colorpicker.min.css.map
 2022-12-07 08:45:58 DEBUG [http-nio-8080-exec-7]  lutece.cache - URI served from cache : /example/js/shepherd/tours/ManageTours.json
 